
*** Running vivado
    with args -log calculator.vdi -applog -m64 -product Vivado -messageDb vivado.pb -mode batch -source calculator.tcl -notrace



****** Vivado v2025.2 (64-bit)
  **** SW Build 6299465 on Fri Nov 14 19:35:11 GMT 2025
  **** IP Build 6300035 on Fri Nov 14 10:48:45 MST 2025
  **** SharedData Build 6298862 on Thu Nov 13 04:50:51 MST 2025
  **** Start of session at: Mon Apr  6 13:59:27 2026
    ** Copyright 1986-2022 Xilinx, Inc. All Rights Reserved.
    ** Copyright 2022-2025 Advanced Micro Devices, Inc. All Rights Reserved.

source calculator.tcl -notrace
create_project: Time (s): cpu = 00:00:09 ; elapsed = 00:00:06 . Memory (MB): peak = 556.891 ; gain = 252.301
Command: link_design -top calculator -part xc7s25csga324-1
Design is defaulting to srcset: sources_1
Design is defaulting to constrset: constrs_1
INFO: [Device 21-403] Loading part xc7s25csga324-1
Netlist sorting complete. Time (s): cpu = 00:00:00 ; elapsed = 00:00:00.002 . Memory (MB): peak = 738.703 ; gain = 0.000
INFO: [Netlist 29-17] Analyzing 9 Unisim elements for replacement
INFO: [Netlist 29-28] Unisim Transformation completed in 0 CPU seconds
INFO: [Project 1-479] Netlist was created with Vivado 2025.2
INFO: [Project 1-570] Preparing netlist for logic optimization
Parsing XDC File [D:/placment/MiniProject_verilog/Basys3_4Bit_ALU/Basys3_4Bit_ALU.srcs/constrs_1/new/calculator.xdc]
CRITICAL WARNING: [Common 17-69] Command failed: 'W5' is not a valid site or package pin name. [D:/placment/MiniProject_verilog/Basys3_4Bit_ALU/Basys3_4Bit_ALU.srcs/constrs_1/new/calculator.xdc:1]
CRITICAL WARNING: [Common 17-69] Command failed: 'W16' is not a valid site or package pin name. [D:/placment/MiniProject_verilog/Basys3_4Bit_ALU/Basys3_4Bit_ALU.srcs/constrs_1/new/calculator.xdc:9]
CRITICAL WARNING: [Common 17-69] Command failed: 'W17' is not a valid site or package pin name. [D:/placment/MiniProject_verilog/Basys3_4Bit_ALU/Basys3_4Bit_ALU.srcs/constrs_1/new/calculator.xdc:11]
CRITICAL WARNING: [Common 17-69] Command failed: 'W15' is not a valid site or package pin name. [D:/placment/MiniProject_verilog/Basys3_4Bit_ALU/Basys3_4Bit_ALU.srcs/constrs_1/new/calculator.xdc:13]
CRITICAL WARNING: [Common 17-69] Command failed: 'W14' is not a valid site or package pin name. [D:/placment/MiniProject_verilog/Basys3_4Bit_ALU/Basys3_4Bit_ALU.srcs/constrs_1/new/calculator.xdc:17]
CRITICAL WARNING: [Common 17-69] Command failed: 'W13' is not a valid site or package pin name. [D:/placment/MiniProject_verilog/Basys3_4Bit_ALU/Basys3_4Bit_ALU.srcs/constrs_1/new/calculator.xdc:19]
CRITICAL WARNING: [Common 17-69] Command failed: 'E19' is not a valid site or package pin name. [D:/placment/MiniProject_verilog/Basys3_4Bit_ALU/Basys3_4Bit_ALU.srcs/constrs_1/new/calculator.xdc:28]
CRITICAL WARNING: [Common 17-69] Command failed: 'U19' is not a valid site or package pin name. [D:/placment/MiniProject_verilog/Basys3_4Bit_ALU/Basys3_4Bit_ALU.srcs/constrs_1/new/calculator.xdc:30]
CRITICAL WARNING: [Common 17-69] Command failed: 'V19' is not a valid site or package pin name. [D:/placment/MiniProject_verilog/Basys3_4Bit_ALU/Basys3_4Bit_ALU.srcs/constrs_1/new/calculator.xdc:32]
CRITICAL WARNING: [Common 17-69] Command failed: 'W18' is not a valid site or package pin name. [D:/placment/MiniProject_verilog/Basys3_4Bit_ALU/Basys3_4Bit_ALU.srcs/constrs_1/new/calculator.xdc:34]
CRITICAL WARNING: [Common 17-69] Command failed: 'U14' is not a valid site or package pin name. [D:/placment/MiniProject_verilog/Basys3_4Bit_ALU/Basys3_4Bit_ALU.srcs/constrs_1/new/calculator.xdc:38]
CRITICAL WARNING: [Common 17-69] Command failed: 'W3' is not a valid site or package pin name. [D:/placment/MiniProject_verilog/Basys3_4Bit_ALU/Basys3_4Bit_ALU.srcs/constrs_1/new/calculator.xdc:46]
CRITICAL WARNING: [Common 17-69] Command failed: 'P3' is not a valid site or package pin name. [D:/placment/MiniProject_verilog/Basys3_4Bit_ALU/Basys3_4Bit_ALU.srcs/constrs_1/new/calculator.xdc:50]
CRITICAL WARNING: [Common 17-69] Command failed: 'W7' is not a valid site or package pin name. [D:/placment/MiniProject_verilog/Basys3_4Bit_ALU/Basys3_4Bit_ALU.srcs/constrs_1/new/calculator.xdc:59]
CRITICAL WARNING: [Common 17-69] Command failed: 'W6' is not a valid site or package pin name. [D:/placment/MiniProject_verilog/Basys3_4Bit_ALU/Basys3_4Bit_ALU.srcs/constrs_1/new/calculator.xdc:61]
CRITICAL WARNING: [Common 17-69] Command failed: 'U8' is not a valid site or package pin name. [D:/placment/MiniProject_verilog/Basys3_4Bit_ALU/Basys3_4Bit_ALU.srcs/constrs_1/new/calculator.xdc:63]
CRITICAL WARNING: [Common 17-69] Command failed: 'V8' is not a valid site or package pin name. [D:/placment/MiniProject_verilog/Basys3_4Bit_ALU/Basys3_4Bit_ALU.srcs/constrs_1/new/calculator.xdc:65]
CRITICAL WARNING: [Common 17-69] Command failed: 'U5' is not a valid site or package pin name. [D:/placment/MiniProject_verilog/Basys3_4Bit_ALU/Basys3_4Bit_ALU.srcs/constrs_1/new/calculator.xdc:67]
CRITICAL WARNING: [Common 17-69] Command failed: 'U4' is not a valid site or package pin name. [D:/placment/MiniProject_verilog/Basys3_4Bit_ALU/Basys3_4Bit_ALU.srcs/constrs_1/new/calculator.xdc:76]
CRITICAL WARNING: [Common 17-69] Command failed: 'W4' is not a valid site or package pin name. [D:/placment/MiniProject_verilog/Basys3_4Bit_ALU/Basys3_4Bit_ALU.srcs/constrs_1/new/calculator.xdc:80]
CRITICAL WARNING: [Common 17-69] Command failed: 'W19' is not a valid site or package pin name. [D:/placment/MiniProject_verilog/Basys3_4Bit_ALU/Basys3_4Bit_ALU.srcs/constrs_1/new/calculator.xdc:85]
CRITICAL WARNING: [Common 17-69] Command failed: 'T17' is not a valid site or package pin name. [D:/placment/MiniProject_verilog/Basys3_4Bit_ALU/Basys3_4Bit_ALU.srcs/constrs_1/new/calculator.xdc:87]
Finished Parsing XDC File [D:/placment/MiniProject_verilog/Basys3_4Bit_ALU/Basys3_4Bit_ALU.srcs/constrs_1/new/calculator.xdc]
INFO: [Opt 31-138] Pushed 0 inverter(s) to 0 load pin(s).
Netlist sorting complete. Time (s): cpu = 00:00:00 ; elapsed = 00:00:00 . Memory (MB): peak = 870.289 ; gain = 0.000
INFO: [Project 1-111] Unisim Transformation Summary:
No Unisim elements were transformed.

7 Infos, 0 Warnings, 22 Critical Warnings and 0 Errors encountered.
link_design completed successfully
Command: opt_design
Attempting to get a license for feature 'Implementation' and/or device 'xc7s25'
INFO: [Common 17-349] Got license for feature 'Implementation' and/or device 'xc7s25'
Running DRC as a precondition to command opt_design

Starting DRC Task
INFO: [DRC 23-27] Running DRC with 2 threads
INFO: [Project 1-461] DRC finished with 0 Errors
INFO: [Project 1-462] Please refer to the DRC report (report_drc) for more information.

Time (s): cpu = 00:00:00 ; elapsed = 00:00:00.432 . Memory (MB): peak = 890.383 ; gain = 16.094

Starting Cache Timing Information Task
INFO: [Timing 38-35] Done setting XDC timing constraints.
Ending Cache Timing Information Task | Checksum: 1d180f154

Time (s): cpu = 00:00:04 ; elapsed = 00:00:04 . Memory (MB): peak = 1344.133 ; gain = 453.750

Starting Logic Optimization Task

Phase 1 Initialization

Phase 1.1 Core Generation And Design Setup
Phase 1.1 Core Generation And Design Setup | Checksum: 1d180f154

Time (s): cpu = 00:00:00 ; elapsed = 00:00:00.001 . Memory (MB): peak = 1805.863 ; gain = 0.000

Phase 1.2 Setup Constraints And Sort Netlist
Phase 1.2 Setup Constraints And Sort Netlist | Checksum: 1d180f154

Time (s): cpu = 00:00:00 ; elapsed = 00:00:00.002 . Memory (MB): peak = 1805.863 ; gain = 0.000
Phase 1 Initialization | Checksum: 1d180f154

Time (s): cpu = 00:00:00 ; elapsed = 00:00:00.002 . Memory (MB): peak = 1805.863 ; gain = 0.000

Phase 2 Timer Update And Timing Data Collection

Phase 2.1 Detect if minReqCache needed
Phase 2.1 Detect if minReqCache needed | Checksum: 1d180f154

Time (s): cpu = 00:00:00 ; elapsed = 00:00:00.006 . Memory (MB): peak = 1805.863 ; gain = 0.000

Phase 2.2 Timer Update
Phase 2.2 Timer Update | Checksum: 1d180f154

Time (s): cpu = 00:00:00 ; elapsed = 00:00:00.010 . Memory (MB): peak = 1805.863 ; gain = 0.000

Phase 2.3 Timing Data Collection
Phase 2.3 Timing Data Collection | Checksum: 1d180f154

Time (s): cpu = 00:00:00 ; elapsed = 00:00:00.011 . Memory (MB): peak = 1805.863 ; gain = 0.000
Phase 2 Timer Update And Timing Data Collection | Checksum: 1d180f154

Time (s): cpu = 00:00:00 ; elapsed = 00:00:00.011 . Memory (MB): peak = 1805.863 ; gain = 0.000

Phase 3 Retarget
INFO: [Opt 31-1851] Number of loadless carry chains removed were: 0
INFO: [Opt 31-1834] Total Chains To Be Transformed Were: 0 AND Number of Transformed insts Created are: 0
INFO: [Opt 31-1566] Pulled 3 inverters resulting in an inversion of 31 pins
INFO: [Opt 31-138] Pushed 0 inverter(s) to 0 load pin(s).
INFO: [Opt 31-49] Retargeted 0 cell(s).
Phase 3 Retarget | Checksum: 1ce548c17

Time (s): cpu = 00:00:00 ; elapsed = 00:00:00.022 . Memory (MB): peak = 1805.863 ; gain = 0.000
Retarget | Checksum: 1ce548c17
INFO: [Opt 31-389] Phase Retarget created 0 cells and removed 3 cells

Phase 4 Constant propagation
INFO: [Opt 31-138] Pushed 0 inverter(s) to 0 load pin(s).
Phase 4 Constant propagation | Checksum: 26f5a169c

Time (s): cpu = 00:00:00 ; elapsed = 00:00:00.025 . Memory (MB): peak = 1805.863 ; gain = 0.000
Constant propagation | Checksum: 26f5a169c
INFO: [Opt 31-389] Phase Constant propagation created 0 cells and removed 0 cells

Phase 5 Sweep
INFO: [Constraints 18-11670] Building netlist checker database with flags, 0x8
Done building netlist checker database: Time (s): cpu = 00:00:00 ; elapsed = 00:00:00 . Memory (MB): peak = 1805.863 ; gain = 0.000
Phase 5 Sweep | Checksum: 20c5ecba9

Time (s): cpu = 00:00:00 ; elapsed = 00:00:00.028 . Memory (MB): peak = 1805.863 ; gain = 0.000
Sweep | Checksum: 20c5ecba9
INFO: [Opt 31-389] Phase Sweep created 0 cells and removed 0 cells

Phase 6 BUFG optimization
Phase 6 BUFG optimization | Checksum: 20c5ecba9

Time (s): cpu = 00:00:00 ; elapsed = 00:00:00.035 . Memory (MB): peak = 1805.863 ; gain = 0.000
BUFG optimization | Checksum: 20c5ecba9
INFO: [Opt 31-662] Phase BUFG optimization created 0 cells of which 0 are BUFGs and removed 0 cells.

Phase 7 Shift Register Optimization
INFO: [Opt 31-1064] SRL Remap converted 0 SRLs to 0 registers and converted 0 registers of register chains to 0 SRLs
Phase 7 Shift Register Optimization | Checksum: 20c5ecba9

Time (s): cpu = 00:00:00 ; elapsed = 00:00:00.037 . Memory (MB): peak = 1805.863 ; gain = 0.000
Shift Register Optimization | Checksum: 20c5ecba9
INFO: [Opt 31-389] Phase Shift Register Optimization created 0 cells and removed 0 cells

Phase 8 Post Processing Netlist
Phase 8 Post Processing Netlist | Checksum: 20c5ecba9

Time (s): cpu = 00:00:00 ; elapsed = 00:00:00.039 . Memory (MB): peak = 1805.863 ; gain = 0.000
Post Processing Netlist | Checksum: 20c5ecba9
INFO: [Opt 31-389] Phase Post Processing Netlist created 0 cells and removed 0 cells

Phase 9 Finalization

Phase 9.1 Finalizing Design Cores and Updating Shapes
Phase 9.1 Finalizing Design Cores and Updating Shapes | Checksum: 2133ce307

Time (s): cpu = 00:00:00 ; elapsed = 00:00:00.044 . Memory (MB): peak = 1805.863 ; gain = 0.000

Phase 9.2 Verifying Netlist Connectivity

Starting Connectivity Check Task

Time (s): cpu = 00:00:00 ; elapsed = 00:00:00.005 . Memory (MB): peak = 1805.863 ; gain = 0.000
Phase 9.2 Verifying Netlist Connectivity | Checksum: 2133ce307

Time (s): cpu = 00:00:00 ; elapsed = 00:00:00.050 . Memory (MB): peak = 1805.863 ; gain = 0.000
Phase 9 Finalization | Checksum: 2133ce307

Time (s): cpu = 00:00:00 ; elapsed = 00:00:00.051 . Memory (MB): peak = 1805.863 ; gain = 0.000
Opt_design Change Summary
=========================


-------------------------------------------------------------------------------------------------------------------------
|  Phase                        |  #Cells created  |  #Cells Removed  |  #Constrained objects preventing optimizations  |
-------------------------------------------------------------------------------------------------------------------------
|  Retarget                     |               0  |               3  |                                              0  |
|  Constant propagation         |               0  |               0  |                                              0  |
|  Sweep                        |               0  |               0  |                                              0  |
|  BUFG optimization            |               0  |               0  |                                              0  |
|  Shift Register Optimization  |               0  |               0  |                                              0  |
|  Post Processing Netlist      |               0  |               0  |                                              0  |
-------------------------------------------------------------------------------------------------------------------------


Ending Logic Optimization Task | Checksum: 2133ce307

Time (s): cpu = 00:00:00 ; elapsed = 00:00:00.052 . Memory (MB): peak = 1805.863 ; gain = 0.000

Starting Power Optimization Task
INFO: [Pwropt 34-132] Skipping clock gating for clocks with a period < 2.00 ns.
Ending Power Optimization Task | Checksum: 2133ce307

Time (s): cpu = 00:00:00 ; elapsed = 00:00:00.006 . Memory (MB): peak = 1805.863 ; gain = 0.000

Starting Final Cleanup Task
Ending Final Cleanup Task | Checksum: 2133ce307

Time (s): cpu = 00:00:00 ; elapsed = 00:00:00.001 . Memory (MB): peak = 1805.863 ; gain = 0.000
Netlist sorting complete. Time (s): cpu = 00:00:00 ; elapsed = 00:00:00 . Memory (MB): peak = 1805.863 ; gain = 0.000
INFO: [Common 17-83] Releasing license: Implementation
28 Infos, 0 Warnings, 22 Critical Warnings and 0 Errors encountered.
opt_design completed successfully
opt_design: Time (s): cpu = 00:00:06 ; elapsed = 00:00:07 . Memory (MB): peak = 1805.863 ; gain = 931.574
INFO: [Vivado 12-24828] Executing command : report_drc -file calculator_drc_opted.rpt -pb calculator_drc_opted.pb -rpx calculator_drc_opted.rpx
Command: report_drc -file calculator_drc_opted.rpt -pb calculator_drc_opted.pb -rpx calculator_drc_opted.rpx
INFO: [IP_Flow 19-234] Refreshing IP repositories
INFO: [IP_Flow 19-1704] No user IP repositories specified
INFO: [IP_Flow 19-2313] Loaded Vivado IP repository 'C:/AMDDesignTools/2025.2/Vivado/data/ip'.
INFO: [DRC 23-27] Running DRC with 2 threads
INFO: [Vivado_Tcl 2-168] The results of DRC are in file D:/placment/MiniProject_verilog/Basys3_4Bit_ALU/Basys3_4Bit_ALU.runs/impl_1/calculator_drc_opted.rpt.
report_drc completed successfully
INFO: [Timing 38-480] Writing timing data to binary archive.
Wrote PlaceDB: Time (s): cpu = 00:00:00 ; elapsed = 00:00:00 . Memory (MB): peak = 1805.863 ; gain = 0.000
Write ShapeDB Complete: Time (s): cpu = 00:00:00 ; elapsed = 00:00:00.002 . Memory (MB): peak = 1805.863 ; gain = 0.000
Wrote PulsedLatchDB: Time (s): cpu = 00:00:00 ; elapsed = 00:00:00 . Memory (MB): peak = 1805.863 ; gain = 0.000
Writing XDEF routing.
Writing XDEF routing logical nets.
Writing XDEF routing special nets.
Wrote RouteStorage: Time (s): cpu = 00:00:00 ; elapsed = 00:00:00.012 . Memory (MB): peak = 1805.863 ; gain = 0.000
Wrote PlaceStorage: Time (s): cpu = 00:00:00 ; elapsed = 00:00:00.001 . Memory (MB): peak = 1805.863 ; gain = 0.000
Wrote Netlist Cache: Time (s): cpu = 00:00:00 ; elapsed = 00:00:00 . Memory (MB): peak = 1805.863 ; gain = 0.000
Wrote Device Cache: Time (s): cpu = 00:00:00 ; elapsed = 00:00:00.005 . Memory (MB): peak = 1805.863 ; gain = 0.000
Write Physdb Complete: Time (s): cpu = 00:00:00 ; elapsed = 00:00:00.024 . Memory (MB): peak = 1805.863 ; gain = 0.000
INFO: [Common 17-1381] The checkpoint 'D:/placment/MiniProject_verilog/Basys3_4Bit_ALU/Basys3_4Bit_ALU.runs/impl_1/calculator_opt.dcp' has been generated.
Command: place_design
Attempting to get a license for feature 'Implementation' and/or device 'xc7s25'
INFO: [Common 17-349] Got license for feature 'Implementation' and/or device 'xc7s25'
INFO: [Common 17-83] Releasing license: Implementation
INFO: [DRC 23-27] Running DRC with 2 threads
INFO: [Vivado_Tcl 4-198] DRC finished with 0 Errors
INFO: [Vivado_Tcl 4-199] Please refer to the DRC report (report_drc) for more information.
INFO: [Timing 38-35] Done setting XDC timing constraints.
Running DRC as a precondition to command place_design
INFO: [DRC 23-27] Running DRC with 2 threads
INFO: [Vivado_Tcl 4-198] DRC finished with 0 Errors
INFO: [Vivado_Tcl 4-199] Please refer to the DRC report (report_drc) for more information.
INFO: [Place 30-611] Multithreading enabled for place_design using a maximum of 2 CPUs

Starting Placer Task

Phase 1 Placer Initialization

Phase 1.1 Placer Initialization Netlist Sorting
Netlist sorting complete. Time (s): cpu = 00:00:00 ; elapsed = 00:00:00 . Memory (MB): peak = 1805.863 ; gain = 0.000
Phase 1.1 Placer Initialization Netlist Sorting | Checksum: 1a966b29d

Time (s): cpu = 00:00:00 ; elapsed = 00:00:00.003 . Memory (MB): peak = 1805.863 ; gain = 0.000
Netlist sorting complete. Time (s): cpu = 00:00:00 ; elapsed = 00:00:00 . Memory (MB): peak = 1805.863 ; gain = 0.000

Phase 1.2 IO Placement/ Clock Placement/ Build Placer Device
WARNING: [Place 30-87] Partially locked IO Bus is found. Following components of the IO Bus an are not locked:  'an[3]'  'an[1]' 
WARNING: [Place 30-87] Partially locked IO Bus is found. Following components of the IO Bus led are not locked:  'led[12]'  'led[10]'  'led[6]'  'led[4]'  'led[3]'  'led[2]'  'led[1]' 
WARNING: [Place 30-87] Partially locked IO Bus is found. Following components of the IO Bus seg are not locked:  'seg[4]'  'seg[3]'  'seg[2]'  'seg[1]'  'seg[0]' 
WARNING: [Place 30-87] Partially locked IO Bus is found. Following components of the IO Bus sw are not locked:  'sw[7]'  'sw[6]'  'sw[4]'  'sw[3]'  'sw[2]' 
Phase 1.2 IO Placement/ Clock Placement/ Build Placer Device | Checksum: 20a1a3a4d

Time (s): cpu = 00:00:00 ; elapsed = 00:00:00.341 . Memory (MB): peak = 1805.863 ; gain = 0.000

Phase 1.3 Build Placer Netlist Model
WARNING: [Place 30-2953] Timing driven mode will be turned off because no critical terminals were found.
Phase 1.3 Build Placer Netlist Model | Checksum: 2cfcbd65d

Time (s): cpu = 00:00:00 ; elapsed = 00:00:00.382 . Memory (MB): peak = 1805.863 ; gain = 0.000

Phase 1.4 Constrain Clocks/Macros
Phase 1.4 Constrain Clocks/Macros | Checksum: 2cfcbd65d

Time (s): cpu = 00:00:00 ; elapsed = 00:00:00.384 . Memory (MB): peak = 1805.863 ; gain = 0.000
Phase 1 Placer Initialization | Checksum: 2cfcbd65d

Time (s): cpu = 00:00:00 ; elapsed = 00:00:00.385 . Memory (MB): peak = 1805.863 ; gain = 0.000

Phase 2 Global Placement

Phase 2.1 Floorplanning
Phase 2.1 Floorplanning | Checksum: 2cfcbd65d

Time (s): cpu = 00:00:00 ; elapsed = 00:00:00.388 . Memory (MB): peak = 1805.863 ; gain = 0.000

Phase 2.2 Update Timing before SLR Path Opt
Phase 2.2 Update Timing before SLR Path Opt | Checksum: 2cfcbd65d

Time (s): cpu = 00:00:00 ; elapsed = 00:00:00.389 . Memory (MB): peak = 1805.863 ; gain = 0.000

Phase 2.3 Post-Processing in Floorplanning
Phase 2.3 Post-Processing in Floorplanning | Checksum: 2cfcbd65d

Time (s): cpu = 00:00:00 ; elapsed = 00:00:00.389 . Memory (MB): peak = 1805.863 ; gain = 0.000

Phase 2.4 Global Place Phase1
Phase 2.4 Global Place Phase1 | Checksum: 276b496c9

Time (s): cpu = 00:00:00 ; elapsed = 00:00:00.436 . Memory (MB): peak = 1805.863 ; gain = 0.000

Phase 2.5 Global Place Phase2
WARNING: [Place 46-29] Timing had been disabled during Placer and, therefore, physical synthesis in Placer will be skipped.
Phase 2.5 Global Place Phase2 | Checksum: 288e289de

Time (s): cpu = 00:00:00 ; elapsed = 00:00:00.452 . Memory (MB): peak = 1805.863 ; gain = 0.000
Phase 2 Global Placement | Checksum: 288e289de

Time (s): cpu = 00:00:00 ; elapsed = 00:00:00.453 . Memory (MB): peak = 1805.863 ; gain = 0.000

Phase 3 Detail Placement

Phase 3.1 Commit Multi Column Macros
Phase 3.1 Commit Multi Column Macros | Checksum: 288e289de

Time (s): cpu = 00:00:00 ; elapsed = 00:00:00.455 . Memory (MB): peak = 1805.863 ; gain = 0.000

Phase 3.2 Commit Most Macros & LUTRAMs
Phase 3.2 Commit Most Macros & LUTRAMs | Checksum: 16c3124c8

Time (s): cpu = 00:00:00 ; elapsed = 00:00:00.461 . Memory (MB): peak = 1805.863 ; gain = 0.000

Phase 3.3 Area Swap Optimization
Phase 3.3 Area Swap Optimization | Checksum: 185ffae53

Time (s): cpu = 00:00:00 ; elapsed = 00:00:00.464 . Memory (MB): peak = 1805.863 ; gain = 0.000

Phase 3.4 Pipeline Register Optimization
Phase 3.4 Pipeline Register Optimization | Checksum: 185ffae53

Time (s): cpu = 00:00:00 ; elapsed = 00:00:00.465 . Memory (MB): peak = 1805.863 ; gain = 0.000

Phase 3.5 Small Shape Detail Placement
Phase 3.5 Small Shape Detail Placement | Checksum: 28667cafd

Time (s): cpu = 00:00:00 ; elapsed = 00:00:00.527 . Memory (MB): peak = 1805.863 ; gain = 0.000

Phase 3.6 Re-assign LUT pins
Phase 3.6 Re-assign LUT pins | Checksum: 1d6eb0ee8

Time (s): cpu = 00:00:00 ; elapsed = 00:00:00.540 . Memory (MB): peak = 1805.863 ; gain = 0.000

Phase 3.7 Pipeline Register Optimization
Phase 3.7 Pipeline Register Optimization | Checksum: 1d6eb0ee8

Time (s): cpu = 00:00:00 ; elapsed = 00:00:00.541 . Memory (MB): peak = 1805.863 ; gain = 0.000
Phase 3 Detail Placement | Checksum: 1d6eb0ee8

Time (s): cpu = 00:00:00 ; elapsed = 00:00:00.542 . Memory (MB): peak = 1805.863 ; gain = 0.000

Phase 4 Post Placement Optimization and Clean-Up

Phase 4.1 Post Commit Optimization
Phase 4.1 Post Commit Optimization | Checksum: 1d6eb0ee8

Time (s): cpu = 00:00:00 ; elapsed = 00:00:00.560 . Memory (MB): peak = 1805.863 ; gain = 0.000

Phase 4.2 Post Placement Cleanup
Phase 4.2 Post Placement Cleanup | Checksum: 1d6eb0ee8

Time (s): cpu = 00:00:00 ; elapsed = 00:00:00.563 . Memory (MB): peak = 1805.863 ; gain = 0.000

Phase 4.3 Placer Reporting

Phase 4.3.1 Print Estimated Congestion
INFO: [Place 30-612] Post-Placement Estimated Congestion 
 ____________________________________________________
|           | Global Congestion | Short Congestion  |
| Direction | Region Size       | Region Size       |
|___________|___________________|___________________|
|      North|                1x1|                1x1|
|___________|___________________|___________________|
|      South|                1x1|                1x1|
|___________|___________________|___________________|
|       East|                1x1|                1x1|
|___________|___________________|___________________|
|       West|                1x1|                1x1|
|___________|___________________|___________________|

Phase 4.3.1 Print Estimated Congestion | Checksum: 1d6eb0ee8

Time (s): cpu = 00:00:00 ; elapsed = 00:00:00.565 . Memory (MB): peak = 1805.863 ; gain = 0.000
Phase 4.3 Placer Reporting | Checksum: 1d6eb0ee8

Time (s): cpu = 00:00:00 ; elapsed = 00:00:00.565 . Memory (MB): peak = 1805.863 ; gain = 0.000

Phase 4.4 Final Placement Cleanup
Netlist sorting complete. Time (s): cpu = 00:00:00 ; elapsed = 00:00:00 . Memory (MB): peak = 1805.863 ; gain = 0.000

Time (s): cpu = 00:00:01 ; elapsed = 00:00:00.566 . Memory (MB): peak = 1805.863 ; gain = 0.000
Phase 4 Post Placement Optimization and Clean-Up | Checksum: 1d6eb0ee8

Time (s): cpu = 00:00:01 ; elapsed = 00:00:00.567 . Memory (MB): peak = 1805.863 ; gain = 0.000
Ending Placer Task | Checksum: 15e6bcfee

Time (s): cpu = 00:00:01 ; elapsed = 00:00:00.568 . Memory (MB): peak = 1805.863 ; gain = 0.000
47 Infos, 6 Warnings, 22 Critical Warnings and 0 Errors encountered.
place_design completed successfully
INFO: [Vivado 12-24838] Running report commands "report_control_sets, report_io, report_utilization" in parallel.
Running report generation with 2 threads.
INFO: [Vivado 12-24828] Executing command : report_utilization -file calculator_utilization_placed.rpt -pb calculator_utilization_placed.pb
INFO: [Vivado 12-24828] Executing command : report_control_sets -verbose -file calculator_control_sets_placed.rpt
report_control_sets: Time (s): cpu = 00:00:00 ; elapsed = 00:00:00.002 . Memory (MB): peak = 1805.863 ; gain = 0.000
INFO: [Vivado 12-24828] Executing command : report_io -file calculator_io_placed.rpt
report_io: Time (s): cpu = 00:00:00 ; elapsed = 00:00:00.069 . Memory (MB): peak = 1805.863 ; gain = 0.000
Write ShapeDB Complete: Time (s): cpu = 00:00:00 ; elapsed = 00:00:00.002 . Memory (MB): peak = 1805.863 ; gain = 0.000
INFO: [Timing 38-480] Writing timing data to binary archive.
Wrote PlaceDB: Time (s): cpu = 00:00:00 ; elapsed = 00:00:00 . Memory (MB): peak = 1805.863 ; gain = 0.000
Wrote PulsedLatchDB: Time (s): cpu = 00:00:00 ; elapsed = 00:00:00 . Memory (MB): peak = 1805.863 ; gain = 0.000
Writing XDEF routing.
Writing XDEF routing logical nets.
Writing XDEF routing special nets.
Wrote RouteStorage: Time (s): cpu = 00:00:00 ; elapsed = 00:00:00.010 . Memory (MB): peak = 1805.863 ; gain = 0.000
Wrote PlaceStorage: Time (s): cpu = 00:00:00 ; elapsed = 00:00:00.005 . Memory (MB): peak = 1805.863 ; gain = 0.000
Wrote Netlist Cache: Time (s): cpu = 00:00:00 ; elapsed = 00:00:00 . Memory (MB): peak = 1805.863 ; gain = 0.000
Wrote Device Cache: Time (s): cpu = 00:00:00 ; elapsed = 00:00:00.004 . Memory (MB): peak = 1805.863 ; gain = 0.000
Write Physdb Complete: Time (s): cpu = 00:00:00 ; elapsed = 00:00:00.023 . Memory (MB): peak = 1805.863 ; gain = 0.000
INFO: [Common 17-1381] The checkpoint 'D:/placment/MiniProject_verilog/Basys3_4Bit_ALU/Basys3_4Bit_ALU.runs/impl_1/calculator_placed.dcp' has been generated.
Command: phys_opt_design
Attempting to get a license for feature 'Implementation' and/or device 'xc7s25'
INFO: [Common 17-349] Got license for feature 'Implementation' and/or device 'xc7s25'

Starting Initial Update Timing Task
INFO: [Timing 38-35] Done setting XDC timing constraints.

Time (s): cpu = 00:00:00 ; elapsed = 00:00:00.029 . Memory (MB): peak = 1805.863 ; gain = 0.000
INFO: [Vivado_Tcl 4-2279] Estimated Timing Summary | WNS= 7.715 | TNS= 0.000 | 
INFO: [Vivado_Tcl 4-383] Design worst setup slack (WNS) is greater than or equal to 0.000 ns. All physical synthesis setup optimizations will be skipped.
INFO: [Vivado_Tcl 4-232] No setup violation found. The netlist was not modified.
INFO: [Common 17-83] Releasing license: Implementation
59 Infos, 6 Warnings, 22 Critical Warnings and 0 Errors encountered.
phys_opt_design completed successfully
INFO: [Timing 38-480] Writing timing data to binary archive.
Write ShapeDB Complete: Time (s): cpu = 00:00:00 ; elapsed = 00:00:00.002 . Memory (MB): peak = 1805.863 ; gain = 0.000
Wrote PlaceDB: Time (s): cpu = 00:00:00 ; elapsed = 00:00:00 . Memory (MB): peak = 1805.863 ; gain = 0.000
Wrote PulsedLatchDB: Time (s): cpu = 00:00:00 ; elapsed = 00:00:00 . Memory (MB): peak = 1805.863 ; gain = 0.000
Writing XDEF routing.
Writing XDEF routing logical nets.
Writing XDEF routing special nets.
Wrote RouteStorage: Time (s): cpu = 00:00:00 ; elapsed = 00:00:00.010 . Memory (MB): peak = 1805.863 ; gain = 0.000
Wrote PlaceStorage: Time (s): cpu = 00:00:00 ; elapsed = 00:00:00.005 . Memory (MB): peak = 1805.863 ; gain = 0.000
Wrote Netlist Cache: Time (s): cpu = 00:00:00 ; elapsed = 00:00:00.001 . Memory (MB): peak = 1805.863 ; gain = 0.000
Wrote Device Cache: Time (s): cpu = 00:00:00 ; elapsed = 00:00:00.004 . Memory (MB): peak = 1805.863 ; gain = 0.000
Write Physdb Complete: Time (s): cpu = 00:00:00 ; elapsed = 00:00:00.023 . Memory (MB): peak = 1805.863 ; gain = 0.000
INFO: [Common 17-1381] The checkpoint 'D:/placment/MiniProject_verilog/Basys3_4Bit_ALU/Basys3_4Bit_ALU.runs/impl_1/calculator_physopt.dcp' has been generated.
Command: route_design
Attempting to get a license for feature 'Implementation' and/or device 'xc7s25'
INFO: [Common 17-349] Got license for feature 'Implementation' and/or device 'xc7s25'


Starting Routing Task
INFO: [Route 35-254] Multithreading enabled for route_design using a maximum of 2 CPUs

Phase 1 Build RT Design
Checksum: PlaceDB: 1740a18e ConstDB: 0 ShapeSum: 74b8037b RouteDB: d2732ae5
Post Restoration Checksum: NetGraph: 68e0d4b4 | NumContArr: d3fe12d9 | Constraints: c2a8fa9d | Timing: c2a8fa9d
Phase 1 Build RT Design | Checksum: 2c230dcc7

Time (s): cpu = 00:00:08 ; elapsed = 00:00:08 . Memory (MB): peak = 1805.863 ; gain = 0.000

Phase 2 Router Initialization

Phase 2.1 Fix Topology Constraints
Phase 2.1 Fix Topology Constraints | Checksum: 2c230dcc7

Time (s): cpu = 00:00:08 ; elapsed = 00:00:08 . Memory (MB): peak = 1805.863 ; gain = 0.000

Phase 2.2 Pre Route Cleanup
Phase 2.2 Pre Route Cleanup | Checksum: 2c230dcc7

Time (s): cpu = 00:00:08 ; elapsed = 00:00:08 . Memory (MB): peak = 1805.863 ; gain = 0.000
 Number of Nodes with overlaps = 0

Phase 2.3 Update Timing
Phase 2.3 Update Timing | Checksum: 14ba2c8d9

Time (s): cpu = 00:00:08 ; elapsed = 00:00:08 . Memory (MB): peak = 1805.863 ; gain = 0.000
INFO: [Route 35-416] Intermediate Timing Summary | WNS=7.621  | TNS=0.000  | WHS=0.005  | THS=0.000  |


Phase 2.4 Soft Constraint Pins - Fast Budgeting
Phase 2.4 Soft Constraint Pins - Fast Budgeting | Checksum: 173e0019e

Time (s): cpu = 00:00:08 ; elapsed = 00:00:08 . Memory (MB): peak = 1805.863 ; gain = 0.000

Router Utilization Summary
  Global Vertical Routing Utilization    = 0 %
  Global Horizontal Routing Utilization  = 0 %
  Routable Net Status*
  *Does not include unroutable nets such as driverless and loadless.
  Run report_route_status for detailed report.
  Number of Failed Nets               = 144
    (Failed Nets is the sum of unrouted and partially routed nets)
  Number of Unrouted Nets             = 144
  Number of Partially Routed Nets     = 0
  Number of Node Overlaps             = 0

Phase 2 Router Initialization | Checksum: 21cbeb6d2

Time (s): cpu = 00:00:08 ; elapsed = 00:00:08 . Memory (MB): peak = 1805.863 ; gain = 0.000

Phase 3 Global Routing
Phase 3 Global Routing | Checksum: 21cbeb6d2

Time (s): cpu = 00:00:08 ; elapsed = 00:00:08 . Memory (MB): peak = 1805.863 ; gain = 0.000

Phase 4 Initial Routing

Phase 4.1 Initial Net Routing Pass
Phase 4.1 Initial Net Routing Pass | Checksum: 2cdb1e660

Time (s): cpu = 00:00:08 ; elapsed = 00:00:08 . Memory (MB): peak = 1805.863 ; gain = 0.000
Phase 4 Initial Routing | Checksum: 2cdb1e660

Time (s): cpu = 00:00:08 ; elapsed = 00:00:08 . Memory (MB): peak = 1805.863 ; gain = 0.000

Phase 5 Rip-up And Reroute

Phase 5.1 Global Iteration 0
 Number of Nodes with overlaps = 7
 Number of Nodes with overlaps = 0
INFO: [Route 35-416] Intermediate Timing Summary | WNS=7.251  | TNS=0.000  | WHS=N/A    | THS=N/A    |

Phase 5.1 Global Iteration 0 | Checksum: 11513a8b2

Time (s): cpu = 00:00:08 ; elapsed = 00:00:08 . Memory (MB): peak = 1805.863 ; gain = 0.000
Phase 5 Rip-up And Reroute | Checksum: 11513a8b2

Time (s): cpu = 00:00:08 ; elapsed = 00:00:08 . Memory (MB): peak = 1805.863 ; gain = 0.000

Phase 6 Delay and Skew Optimization

Phase 6.1 Delay CleanUp
Phase 6.1 Delay CleanUp | Checksum: 11513a8b2

Time (s): cpu = 00:00:08 ; elapsed = 00:00:08 . Memory (MB): peak = 1805.863 ; gain = 0.000

Phase 6.2 Clock Skew Optimization
Phase 6.2 Clock Skew Optimization | Checksum: 11513a8b2

Time (s): cpu = 00:00:08 ; elapsed = 00:00:08 . Memory (MB): peak = 1805.863 ; gain = 0.000
Phase 6 Delay and Skew Optimization | Checksum: 11513a8b2

Time (s): cpu = 00:00:08 ; elapsed = 00:00:08 . Memory (MB): peak = 1805.863 ; gain = 0.000

Phase 7 Post Hold Fix

Phase 7.1 Hold Fix Iter
INFO: [Route 35-416] Intermediate Timing Summary | WNS=7.344  | TNS=0.000  | WHS=0.307  | THS=0.000  |

Phase 7.1 Hold Fix Iter | Checksum: 10c9aca57

Time (s): cpu = 00:00:08 ; elapsed = 00:00:08 . Memory (MB): peak = 1805.863 ; gain = 0.000
Phase 7 Post Hold Fix | Checksum: 10c9aca57

Time (s): cpu = 00:00:08 ; elapsed = 00:00:08 . Memory (MB): peak = 1805.863 ; gain = 0.000

Phase 8 Route finalize

Router Utilization Summary
  Global Vertical Routing Utilization    = 0.0742848 %
  Global Horizontal Routing Utilization  = 0.150413 %
  Routable Net Status*
  *Does not include unroutable nets such as driverless and loadless.
  Run report_route_status for detailed report.
  Number of Failed Nets               = 0
    (Failed Nets is the sum of unrouted and partially routed nets)
  Number of Unrouted Nets             = 0
  Number of Partially Routed Nets     = 0
  Number of Node Overlaps             = 0

Phase 8 Route finalize | Checksum: 10c9aca57

Time (s): cpu = 00:00:08 ; elapsed = 00:00:08 . Memory (MB): peak = 1805.863 ; gain = 0.000

Phase 9 Verifying routed nets

 Verification completed successfully
Phase 9 Verifying routed nets | Checksum: 10c9aca57

Time (s): cpu = 00:00:08 ; elapsed = 00:00:08 . Memory (MB): peak = 1805.863 ; gain = 0.000

Phase 10 Depositing Routes
Phase 10 Depositing Routes | Checksum: 17213c7a4

Time (s): cpu = 00:00:08 ; elapsed = 00:00:08 . Memory (MB): peak = 1805.863 ; gain = 0.000

Phase 11 Post Process Routing
Phase 11 Post Process Routing | Checksum: 17213c7a4

Time (s): cpu = 00:00:08 ; elapsed = 00:00:08 . Memory (MB): peak = 1805.863 ; gain = 0.000

Phase 12 Post Router Timing
INFO: [Route 35-57] Estimated Timing Summary | WNS=7.344  | TNS=0.000  | WHS=0.307  | THS=0.000  |

INFO: [Route 35-327] The final timing numbers are based on the router estimated timing analysis. For a complete and accurate timing signoff, please run report_timing_summary.
Phase 12 Post Router Timing | Checksum: 17213c7a4

Time (s): cpu = 00:00:08 ; elapsed = 00:00:08 . Memory (MB): peak = 1805.863 ; gain = 0.000
Total Elapsed time in route_design: 8.2 secs

Phase 13 Post-Route Event Processing
Phase 13 Post-Route Event Processing | Checksum: 11ce89fd4

Time (s): cpu = 00:00:08 ; elapsed = 00:00:08 . Memory (MB): peak = 1805.863 ; gain = 0.000
INFO: [Route 35-16] Router Completed Successfully
Ending Routing Task | Checksum: 11ce89fd4

Time (s): cpu = 00:00:08 ; elapsed = 00:00:08 . Memory (MB): peak = 1805.863 ; gain = 0.000

Routing Is Done.
INFO: [Common 17-83] Releasing license: Implementation
70 Infos, 6 Warnings, 22 Critical Warnings and 0 Errors encountered.
route_design completed successfully
route_design: Time (s): cpu = 00:00:08 ; elapsed = 00:00:08 . Memory (MB): peak = 1805.863 ; gain = 0.000
INFO: [Vivado 12-24828] Executing command : report_drc -file calculator_drc_routed.rpt -pb calculator_drc_routed.pb -rpx calculator_drc_routed.rpx
Command: report_drc -file calculator_drc_routed.rpt -pb calculator_drc_routed.pb -rpx calculator_drc_routed.rpx
INFO: [IP_Flow 19-1839] IP Catalog is up to date.
INFO: [DRC 23-27] Running DRC with 2 threads
INFO: [Vivado_Tcl 2-168] The results of DRC are in file D:/placment/MiniProject_verilog/Basys3_4Bit_ALU/Basys3_4Bit_ALU.runs/impl_1/calculator_drc_routed.rpt.
report_drc completed successfully
INFO: [Vivado 12-24828] Executing command : report_methodology -file calculator_methodology_drc_routed.rpt -pb calculator_methodology_drc_routed.pb -rpx calculator_methodology_drc_routed.rpx
Command: report_methodology -file calculator_methodology_drc_routed.rpt -pb calculator_methodology_drc_routed.pb -rpx calculator_methodology_drc_routed.rpx
INFO: [Timing 38-35] Done setting XDC timing constraints.
INFO: [DRC 23-133] Running Methodology with 2 threads
INFO: [Vivado_Tcl 2-1520] The results of Report Methodology are in file D:/placment/MiniProject_verilog/Basys3_4Bit_ALU/Basys3_4Bit_ALU.runs/impl_1/calculator_methodology_drc_routed.rpt.
report_methodology completed successfully
INFO: [Vivado 12-24828] Executing command : report_timing_summary -max_paths 10 -routable_nets -report_unconstrained -file calculator_timing_summary_routed.rpt -pb calculator_timing_summary_routed.pb -rpx calculator_timing_summary_routed.rpx -warn_on_violation 
INFO: [Timing 38-35] Done setting XDC timing constraints.
INFO: [Timing 38-91] UpdateTimingParams: Speed grade: -1, Delay Type: min_max.
INFO: [Timing 38-191] Multithreading enabled for timing update using a maximum of 2 CPUs
INFO: [Vivado 12-24838] Running report commands "report_incremental_reuse, report_route_status" in parallel.
Running report generation with 2 threads.
INFO: [Vivado 12-24828] Executing command : report_route_status -file calculator_route_status.rpt -pb calculator_route_status.pb
INFO: [Vivado 12-24828] Executing command : report_incremental_reuse -file calculator_incremental_reuse_routed.rpt
INFO: [Vivado_Tcl 4-1062] Incremental flow is disabled. No incremental reuse Info to report.
INFO: [Vivado 12-24828] Executing command : report_power -file calculator_power_routed.rpt -pb calculator_power_summary_routed.pb -rpx calculator_power_routed.rpx
Command: report_power -file calculator_power_routed.rpt -pb calculator_power_summary_routed.pb -rpx calculator_power_routed.rpx
Running Vector-less Activity Propagation...

Finished Running Vector-less Activity Propagation
87 Infos, 6 Warnings, 22 Critical Warnings and 0 Errors encountered.
report_power completed successfully
INFO: [Vivado 12-24828] Executing command : report_clock_utilization -file calculator_clock_utilization_routed.rpt
INFO: [Vivado 12-24828] Executing command : report_bus_skew -warn_on_violation -file calculator_bus_skew_routed.rpt -pb calculator_bus_skew_routed.pb -rpx calculator_bus_skew_routed.rpx
INFO: [Timing 38-91] UpdateTimingParams: Speed grade: -1, Delay Type: min_max.
INFO: [Timing 38-191] Multithreading enabled for timing update using a maximum of 2 CPUs
Write ShapeDB Complete: Time (s): cpu = 00:00:00 ; elapsed = 00:00:00.002 . Memory (MB): peak = 1805.863 ; gain = 0.000
INFO: [Timing 38-480] Writing timing data to binary archive.
Wrote PlaceDB: Time (s): cpu = 00:00:00 ; elapsed = 00:00:00 . Memory (MB): peak = 1805.863 ; gain = 0.000
Wrote PulsedLatchDB: Time (s): cpu = 00:00:00 ; elapsed = 00:00:00 . Memory (MB): peak = 1805.863 ; gain = 0.000
Writing XDEF routing.
Writing XDEF routing logical nets.
Writing XDEF routing special nets.
Wrote RouteStorage: Time (s): cpu = 00:00:00 ; elapsed = 00:00:00.015 . Memory (MB): peak = 1805.863 ; gain = 0.000
Wrote PlaceStorage: Time (s): cpu = 00:00:00 ; elapsed = 00:00:00.005 . Memory (MB): peak = 1805.863 ; gain = 0.000
Wrote Netlist Cache: Time (s): cpu = 00:00:00 ; elapsed = 00:00:00 . Memory (MB): peak = 1805.863 ; gain = 0.000
Wrote Device Cache: Time (s): cpu = 00:00:00 ; elapsed = 00:00:00.004 . Memory (MB): peak = 1805.863 ; gain = 0.000
Write Physdb Complete: Time (s): cpu = 00:00:00 ; elapsed = 00:00:00.030 . Memory (MB): peak = 1805.863 ; gain = 0.000
INFO: [Common 17-1381] The checkpoint 'D:/placment/MiniProject_verilog/Basys3_4Bit_ALU/Basys3_4Bit_ALU.runs/impl_1/calculator_routed.dcp' has been generated.
INFO: [Common 17-206] Exiting Vivado at Mon Apr  6 14:00:02 2026...
